
Dec 04, 2021 20:06:49.598 NEW SESSION
Dec 04, 2021 20:06:49.598 [Parent 5460, IPC I/O Parent] WARNING: pipe error: 232: file /builds/worker/checkouts/gecko/ipc/chromium/src/chrome/common/ipc_channel_win.cc:542
Dec 04, 2021 20:07:41.837 [Parent 5460, IPC I/O Parent] WARNING: pipe error: 232: file /builds/worker/checkouts/gecko/ipc/chromium/src/chrome/common/ipc_channel_win.cc:542
Dec 04, 2021 20:09:07.597 [Parent 5460, IPC I/O Parent] WARNING: file /builds/worker/checkouts/gecko/ipc/chromium/src/base/process_util_win.cc:167
Dec 04, 2021 20:09:23.807 
Dec 04, 2021 20:09:23.808 ###!!! [Child][RunMessage] Error: Channel closing: too late to send/recv, messages will be lost
Dec 04, 2021 20:09:23.808 
Dec 04, 2021 20:09:23.972 
Dec 04, 2021 20:09:23.974 ###!!! [Parent][RunMessage] Error: Channel closing: too late to send/recv, messages will be lost
Dec 04, 2021 20:09:23.974 

Dec 04, 2021 20:20:01.394 NEW SESSION
Dec 04, 2021 20:20:01.394 
Dec 04, 2021 20:20:01.394 ###!!! [Parent][RunMessage] Error: Channel closing: too late to send/recv, messages will be lost
Dec 04, 2021 20:20:01.394 
Dec 04, 2021 20:22:50.440 
Dec 04, 2021 20:22:50.440 ###!!! [Child][RunMessage] Error: Channel closing: too late to send/recv, messages will be lost
Dec 04, 2021 20:22:50.441 

Dec 14, 2021 16:02:06.160 NEW SESSION
Dec 14, 2021 16:02:06.160 
Dec 14, 2021 16:02:06.164 ###!!! [Child][RunMessage] Error: Channel closing: too late to send/recv, messages will be lost
Dec 14, 2021 16:02:06.164 
Dec 14, 2021 16:11:14.352 [Parent 17188, IPC I/O Parent] WARNING: file /builds/worker/checkouts/gecko/ipc/chromium/src/base/process_util_win.cc:167
Dec 14, 2021 16:11:14.353 [Parent 17188, IPC I/O Parent] WARNING: file /builds/worker/checkouts/gecko/ipc/chromium/src/base/process_util_win.cc:167
Dec 14, 2021 16:11:14.354 [Parent 17188, IPC I/O Parent] WARNING: file /builds/worker/checkouts/gecko/ipc/chromium/src/base/process_util_win.cc:167
Dec 14, 2021 16:11:14.355 [Parent 17188, IPC I/O Parent] WARNING: file /builds/worker/checkouts/gecko/ipc/chromium/src/base/process_util_win.cc:167
Dec 14, 2021 16:21:10.883 
Dec 14, 2021 16:21:10.884 ###!!! [Child][RunMessage] Error: Channel closing: too late to send/recv, messages will be lost
Dec 14, 2021 16:21:10.884 
Dec 14, 2021 16:21:20.517 
Dec 14, 2021 16:21:20.518 ###!!! [Child][RunMessage] Error: Channel closing: too late to send/recv, messages will be lost
Dec 14, 2021 16:21:20.518 
Dec 14, 2021 16:24:56.616 
Dec 14, 2021 16:24:56.616 ###!!! [Parent][RunMessage] Error: Channel closing: too late to send/recv, messages will be lost
Dec 14, 2021 16:24:56.616 
Dec 14, 2021 16:24:56.623 
Dec 14, 2021 16:24:56.624 ###!!! [Child][RunMessage] Error: Channel closing: too late to send/recv, messages will be lost
Dec 14, 2021 16:24:56.624 
Dec 14, 2021 16:25:39.358 
Dec 14, 2021 16:25:39.358 ###!!! [Parent][RunMessage] Error: Channel closing: too late to send/recv, messages will be lost
Dec 14, 2021 16:25:39.359 
Dec 14, 2021 16:25:39.368 
Dec 14, 2021 16:25:39.368 ###!!! [Child][RunMessage] Error: Channel closing: too late to send/recv, messages will be lost
Dec 14, 2021 16:25:39.368 
Dec 14, 2021 16:51:38.648 
Dec 14, 2021 16:51:38.651 ###!!! [Child][RunMessage] Error: Channel closing: too late to send/recv, messages will be lost
Dec 14, 2021 16:51:38.651 
Dec 14, 2021 21:00:51.473 
Dec 14, 2021 21:00:51.473 ###!!! [Parent][RunMessage] Error: Channel closing: too late to send/recv, messages will be lost
Dec 14, 2021 21:00:51.473 

Dec 14, 2021 21:08:39.280 NEW SESSION
Dec 14, 2021 21:08:39.280 
Dec 14, 2021 21:08:39.281 ###!!! [Parent][RunMessage] Error: Channel closing: too late to send/recv, messages will be lost
Dec 14, 2021 21:08:39.281 
Dec 14, 2021 21:20:15.871 
Dec 14, 2021 21:20:15.872 ###!!! [Parent][RunMessage] Error: Channel closing: too late to send/recv, messages will be lost
Dec 14, 2021 21:20:15.872 
Dec 14, 2021 22:41:59.414 [6516:10656:1214/224159.414:ERROR:chrome_browser_main_extra_parts_metrics.cc(226)] crbug.com/1216328: Checking Bluetooth availability started. Please report if there is no report that this ends.
Dec 14, 2021 22:41:59.415 [6516:10656:1214/224159.414:ERROR:chrome_browser_main_extra_parts_metrics.cc(229)] crbug.com/1216328: Checking Bluetooth availability ended.
Dec 14, 2021 22:41:59.415 [6516:10656:1214/224159.414:ERROR:chrome_browser_main_extra_parts_metrics.cc(232)] crbug.com/1216328: Checking default browser status started. Please report if there is no report that this ends.
Dec 14, 2021 22:41:59.418 [6516:10656:1214/224159.418:ERROR:chrome_browser_main_extra_parts_metrics.cc(236)] crbug.com/1216328: Checking default browser status ended.
Dec 14, 2021 22:41:59.427 [6516:4156:1214/224159.426:ERROR:device_event_log_impl.cc(214)] [22:41:59.426] USB: usb_device_handle_win.cc:1048 Failed to read descriptor from node connection: A device attached to the system is not functioning. (0x1F)
Dec 14, 2021 22:43:36.749 [6516:4156:1214/224336.749:ERROR:interface_endpoint_client.cc(658)] Message 1 rejected by interface blink.mojom.WidgetHost
Dec 14, 2021 22:43:36.749 [6516:4156:1214/224336.749:ERROR:interface_endpoint_client.cc(658)] Message 1 rejected by interface blink.mojom.WidgetHost
Dec 14, 2021 23:17:52.119 [8420:13844:1214/231752.119:ERROR:chrome_browser_main_extra_parts_metrics.cc(226)] crbug.com/1216328: Checking Bluetooth availability started. Please report if there is no report that this ends.
Dec 14, 2021 23:17:52.120 [8420:13844:1214/231752.119:ERROR:chrome_browser_main_extra_parts_metrics.cc(229)] crbug.com/1216328: Checking Bluetooth availability ended.
Dec 14, 2021 23:17:52.120 [8420:13844:1214/231752.119:ERROR:chrome_browser_main_extra_parts_metrics.cc(232)] crbug.com/1216328: Checking default browser status started. Please report if there is no report that this ends.
Dec 14, 2021 23:17:52.122 [8420:13844:1214/231752.121:ERROR:chrome_browser_main_extra_parts_metrics.cc(236)] crbug.com/1216328: Checking default browser status ended.
Dec 14, 2021 23:17:52.134 [8420:10544:1214/231752.134:ERROR:device_event_log_impl.cc(214)] [23:17:52.134] USB: usb_device_handle_win.cc:1048 Failed to read descriptor from node connection: A device attached to the system is not functioning. (0x1F)

Dec 16, 2021 21:35:27.534 NEW SESSION
Dec 16, 2021 21:35:27.534 [12688:19084:1216/213527.532:ERROR:chrome_browser_main_extra_parts_metrics.cc(226)] crbug.com/1216328: Checking Bluetooth availability started. Please report if there is no report that this ends.
Dec 16, 2021 21:35:27.538 [12688:19084:1216/213527.532:ERROR:chrome_browser_main_extra_parts_metrics.cc(229)] crbug.com/1216328: Checking Bluetooth availability ended.
Dec 16, 2021 21:35:27.538 [12688:19084:1216/213527.532:ERROR:chrome_browser_main_extra_parts_metrics.cc(232)] crbug.com/1216328: Checking default browser status started. Please report if there is no report that this ends.
Dec 16, 2021 21:35:27.538 [12688:19084:1216/213527.535:ERROR:chrome_browser_main_extra_parts_metrics.cc(236)] crbug.com/1216328: Checking default browser status ended.
Dec 16, 2021 21:35:27.547 [12688:15020:1216/213527.547:ERROR:device_event_log_impl.cc(214)] [21:35:27.547] USB: usb_device_handle_win.cc:1048 Failed to read descriptor from node connection: A device attached to the system is not functioning. (0x1F)

Dec 20, 2021 23:49:00.155 NEW SESSION
Dec 20, 2021 23:49:00.155 [10644:17636:1220/234900.151:ERROR:chrome_browser_main_extra_parts_metrics.cc(226)] crbug.com/1216328: Checking Bluetooth availability started. Please report if there is no report that this ends.
Dec 20, 2021 23:49:00.157 [10644:17636:1220/234900.151:ERROR:chrome_browser_main_extra_parts_metrics.cc(229)] crbug.com/1216328: Checking Bluetooth availability ended.
Dec 20, 2021 23:49:00.157 [10644:17636:1220/234900.151:ERROR:chrome_browser_main_extra_parts_metrics.cc(232)] crbug.com/1216328: Checking default browser status started. Please report if there is no report that this ends.
Dec 20, 2021 23:49:00.157 [10644:17636:1220/234900.153:ERROR:chrome_browser_main_extra_parts_metrics.cc(236)] crbug.com/1216328: Checking default browser status ended.
Dec 20, 2021 23:49:00.165 [10644:15668:1220/234900.165:ERROR:device_event_log_impl.cc(214)] [23:49:00.164] USB: usb_device_handle_win.cc:1048 Failed to read descriptor from node connection: A device attached to the system is not functioning. (0x1F)
Dec 20, 2021 23:52:19.295 [4796:3000:1220/235219.295:ERROR:chrome_browser_main_extra_parts_metrics.cc(226)] crbug.com/1216328: Checking Bluetooth availability started. Please report if there is no report that this ends.
Dec 20, 2021 23:52:19.295 [4796:3000:1220/235219.295:ERROR:chrome_browser_main_extra_parts_metrics.cc(229)] crbug.com/1216328: Checking Bluetooth availability ended.
Dec 20, 2021 23:52:19.295 [4796:3000:1220/235219.295:ERROR:chrome_browser_main_extra_parts_metrics.cc(232)] crbug.com/1216328: Checking default browser status started. Please report if there is no report that this ends.
Dec 20, 2021 23:52:19.296 [4796:3000:1220/235219.296:ERROR:chrome_browser_main_extra_parts_metrics.cc(236)] crbug.com/1216328: Checking default browser status ended.
Dec 20, 2021 23:52:19.312 [4796:20076:1220/235219.312:ERROR:device_event_log_impl.cc(214)] [23:52:19.311] USB: usb_device_handle_win.cc:1048 Failed to read descriptor from node connection: A device attached to the system is not functioning. (0x1F)
Dec 20, 2021 23:54:52.182 
Dec 20, 2021 23:54:52.182 ###!!! [Parent][RunMessage] Error: Channel closing: too late to send/recv, messages will be lost
Dec 20, 2021 23:54:52.182 

Dec 21, 2021 24:00:39.977 NEW SESSION
Dec 21, 2021 24:00:39.977 [Parent 13808, IPC I/O Parent] WARNING: file /builds/worker/checkouts/gecko/ipc/chromium/src/base/process_util_win.cc:167
Dec 21, 2021 24:00:58.602 [9008:5452:1221/000058.602:ERROR:chrome_browser_main_extra_parts_metrics.cc(226)] crbug.com/1216328: Checking Bluetooth availability started. Please report if there is no report that this ends.
Dec 21, 2021 24:00:58.603 [9008:5452:1221/000058.602:ERROR:chrome_browser_main_extra_parts_metrics.cc(229)] crbug.com/1216328: Checking Bluetooth availability ended.
Dec 21, 2021 24:00:58.603 [9008:5452:1221/000058.602:ERROR:chrome_browser_main_extra_parts_metrics.cc(232)] crbug.com/1216328: Checking default browser status started. Please report if there is no report that this ends.
Dec 21, 2021 24:00:58.604 [9008:5452:1221/000058.604:ERROR:chrome_browser_main_extra_parts_metrics.cc(236)] crbug.com/1216328: Checking default browser status ended.
Dec 21, 2021 24:00:58.619 [9008:5792:1221/000058.619:ERROR:device_event_log_impl.cc(214)] [00:00:58.619] USB: usb_device_handle_win.cc:1048 Failed to read descriptor from node connection: A device attached to the system is not functioning. (0x1F)
Dec 21, 2021 24:01:49.786 [14980:9348:1221/000149.786:ERROR:chrome_browser_main_extra_parts_metrics.cc(226)] crbug.com/1216328: Checking Bluetooth availability started. Please report if there is no report that this ends.
Dec 21, 2021 24:01:49.786 [14980:9348:1221/000149.786:ERROR:chrome_browser_main_extra_parts_metrics.cc(229)] crbug.com/1216328: Checking Bluetooth availability ended.
Dec 21, 2021 24:01:49.786 [14980:9348:1221/000149.786:ERROR:chrome_browser_main_extra_parts_metrics.cc(232)] crbug.com/1216328: Checking default browser status started. Please report if there is no report that this ends.
Dec 21, 2021 24:01:49.788 [14980:9348:1221/000149.788:ERROR:chrome_browser_main_extra_parts_metrics.cc(236)] crbug.com/1216328: Checking default browser status ended.
Dec 21, 2021 24:01:49.802 [14980:19988:1221/000149.802:ERROR:device_event_log_impl.cc(214)] [00:01:49.802] USB: usb_device_handle_win.cc:1048 Failed to read descriptor from node connection: A device attached to the system is not functioning. (0x1F)
Dec 21, 2021 24:02:53.277 [5480:18572:1221/000253.277:ERROR:chrome_browser_main_extra_parts_metrics.cc(226)] crbug.com/1216328: Checking Bluetooth availability started. Please report if there is no report that this ends.
Dec 21, 2021 24:02:53.278 [5480:18572:1221/000253.277:ERROR:chrome_browser_main_extra_parts_metrics.cc(229)] crbug.com/1216328: Checking Bluetooth availability ended.
Dec 21, 2021 24:02:53.278 [5480:18572:1221/000253.277:ERROR:chrome_browser_main_extra_parts_metrics.cc(232)] crbug.com/1216328: Checking default browser status started. Please report if there is no report that this ends.
Dec 21, 2021 24:02:53.280 [5480:18572:1221/000253.279:ERROR:chrome_browser_main_extra_parts_metrics.cc(236)] crbug.com/1216328: Checking default browser status ended.
Dec 21, 2021 24:02:53.296 [5480:16672:1221/000253.296:ERROR:device_event_log_impl.cc(214)] [00:02:53.296] USB: usb_device_handle_win.cc:1048 Failed to read descriptor from node connection: A device attached to the system is not functioning. (0x1F)
